<?xml version="1.0" encoding="UTF-8"?>
<coverage generated="1781551084914" clover="3.2.0">
  <project timestamp="1781551084914" name="All files">
    <metrics statements="99" coveredstatements="99" conditionals="33" coveredconditionals="32" methods="19" coveredmethods="19" elements="151" coveredelements="150" complexity="0" loc="99" ncloc="99" packages="1" files="3" classes="3"/>
    <file name="authService.ts" path="/Users/mohammede./Downloads/callistrack_v2/backend/src/services/authService.ts">
      <metrics statements="38" coveredstatements="38" conditionals="15" coveredconditionals="15" methods="6" coveredmethods="6"/>
      <line num="1" count="1" type="stmt"/>
      <line num="2" count="1" type="stmt"/>
      <line num="3" count="1" type="stmt"/>
      <line num="5" count="1" type="stmt"/>
      <line num="6" count="1" type="stmt"/>
      <line num="22" count="1" type="stmt"/>
      <line num="23" count="9" type="stmt"/>
      <line num="30" count="1" type="stmt"/>
      <line num="31" count="9" type="cond" truecount="4" falsecount="0"/>
      <line num="38" count="1" type="stmt"/>
      <line num="39" count="6" type="stmt"/>
      <line num="46" count="1" type="stmt"/>
      <line num="47" count="4" type="cond" truecount="1" falsecount="0"/>
      <line num="48" count="3" type="cond" truecount="1" falsecount="0"/>
      <line num="49" count="1" type="stmt"/>
      <line num="52" count="2" type="stmt"/>
      <line num="53" count="2" type="cond" truecount="3" falsecount="0"/>
      <line num="54" count="1" type="stmt"/>
      <line num="57" count="1" type="stmt"/>
      <line num="58" count="1" type="stmt"/>
      <line num="64" count="1" type="stmt"/>
      <line num="70" count="1" type="stmt"/>
      <line num="71" count="4" type="stmt"/>
      <line num="75" count="4" type="cond" truecount="1" falsecount="0"/>
      <line num="76" count="1" type="stmt"/>
      <line num="77" count="1" type="stmt"/>
      <line num="80" count="3" type="stmt"/>
      <line num="81" count="3" type="stmt"/>
      <line num="82" count="3" type="cond" truecount="1" falsecount="0"/>
      <line num="83" count="2" type="stmt"/>
      <line num="84" count="2" type="stmt"/>
      <line num="85" count="2" type="stmt"/>
      <line num="88" count="1" type="stmt"/>
      <line num="90" count="1" type="stmt"/>
      <line num="96" count="1" type="stmt"/>
      <line num="97" count="1" type="stmt"/>
      <line num="104" count="1" type="stmt"/>
      <line num="105" count="1" type="stmt"/>
    </file>
    <file name="gamificationService.ts" path="/Users/mohammede./Downloads/callistrack_v2/backend/src/services/gamificationService.ts">
      <metrics statements="24" coveredstatements="24" conditionals="5" coveredconditionals="4" methods="5" coveredmethods="5"/>
      <line num="1" count="1" type="stmt"/>
      <line num="4" count="1" type="stmt"/>
      <line num="11" count="1" type="stmt"/>
      <line num="18" count="1" type="stmt"/>
      <line num="19" count="13" type="stmt"/>
      <line num="20" count="110" type="cond" truecount="1" falsecount="0"/>
      <line num="21" count="12" type="stmt"/>
      <line num="24" count="1" type="stmt"/>
      <line num="31" count="1" type="stmt"/>
      <line num="35" count="4" type="stmt"/>
      <line num="37" count="4" type="stmt"/>
      <line num="44" count="4" type="cond" truecount="1" falsecount="0"/>
      <line num="46" count="3" type="stmt"/>
      <line num="47" count="3" type="stmt"/>
      <line num="48" count="3" type="stmt"/>
      <line num="50" count="3" type="cond" truecount="1" falsecount="0"/>
      <line num="51" count="1" type="stmt"/>
      <line num="54" count="3" type="stmt"/>
      <line num="60" count="1" type="cond" truecount="0" falsecount="1"/>
      <line num="61" count="4" type="stmt"/>
      <line num="74" count="4" type="stmt"/>
      <line num="80" count="1" type="stmt"/>
      <line num="81" count="6" type="cond" truecount="1" falsecount="0"/>
      <line num="82" count="13" type="stmt"/>
    </file>
    <file name="spotService.ts" path="/Users/mohammede./Downloads/callistrack_v2/backend/src/services/spotService.ts">
      <metrics statements="37" coveredstatements="37" conditionals="13" coveredconditionals="13" methods="8" coveredmethods="8"/>
      <line num="1" count="1" type="stmt"/>
      <line num="13" count="1" type="stmt"/>
      <line num="19" count="1" type="stmt"/>
      <line num="23" count="7" type="stmt"/>
      <line num="24" count="28" type="stmt"/>
      <line num="25" count="7" type="stmt"/>
      <line num="26" count="7" type="stmt"/>
      <line num="28" count="7" type="stmt"/>
      <line num="30" count="7" type="stmt"/>
      <line num="36" count="1" type="stmt"/>
      <line num="39" count="5" type="stmt"/>
      <line num="40" count="5" type="stmt"/>
      <line num="42" count="5" type="stmt"/>
      <line num="49" count="5" type="stmt"/>
      <line num="51" count="3" type="stmt"/>
      <line num="58" count="1" type="stmt"/>
      <line num="59" count="2" type="cond" truecount="3" falsecount="0"/>
      <line num="60" count="1" type="stmt"/>
      <line num="70" count="1" type="stmt"/>
      <line num="72" count="1" type="stmt"/>
      <line num="80" count="1" type="stmt"/>
      <line num="86" count="1" type="stmt"/>
      <line num="87" count="2" type="stmt"/>
      <line num="95" count="2" type="cond" truecount="1" falsecount="0"/>
      <line num="97" count="1" type="stmt"/>
      <line num="107" count="1" type="stmt"/>
      <line num="113" count="1" type="stmt"/>
      <line num="114" count="2" type="stmt"/>
      <line num="115" count="2" type="cond" truecount="1" falsecount="0"/>
      <line num="116" count="1" type="stmt"/>
      <line num="117" count="1" type="stmt"/>
      <line num="120" count="1" type="stmt"/>
      <line num="127" count="1" type="stmt"/>
      <line num="133" count="1" type="stmt"/>
      <line num="134" count="3" type="cond" truecount="2" falsecount="0"/>
      <line num="135" count="3" type="stmt"/>
      <line num="139" count="3" type="cond" truecount="2" falsecount="0"/>
    </file>
  </project>
</coverage>
