{"/Users/mohammede./Downloads/callistrack_v2/backend/src/services/authService.ts": {"path":"/Users/mohammede./Downloads/callistrack_v2/backend/src/services/authService.ts","statementMap":{"0":{"start":{"line":22,"column":0},"end":{"line":22,"column":16}},"1":{"start":{"line":30,"column":0},"end":{"line":30,"column":16}},"2":{"start":{"line":38,"column":0},"end":{"line":38,"column":16}},"3":{"start":{"line":46,"column":0},"end":{"line":46,"column":7}},"4":{"start":{"line":70,"column":0},"end":{"line":70,"column":7}},"5":{"start":{"line":104,"column":0},"end":{"line":104,"column":7}},"6":{"start":{"line":1,"column":0},"end":{"line":1,"column":30}},"7":{"start":{"line":2,"column":0},"end":{"line":2,"column":31}},"8":{"start":{"line":3,"column":0},"end":{"line":3,"column":30}},"9":{"start":{"line":5,"column":20},"end":{"line":5,"column":22}},"10":{"start":{"line":6,"column":25},"end":{"line":6,"column":28}},"11":{"start":{"line":23,"column":2},"end":{"line":23,"column":50}},"12":{"start":{"line":31,"column":2},"end":{"line":31,"column":88}},"13":{"start":{"line":39,"column":2},"end":{"line":39,"column":65}},"14":{"start":{"line":47,"column":2},"end":{"line":47,"column":78}},"15":{"start":{"line":47,"column":34},"end":{"line":47,"column":78}},"16":{"start":{"line":48,"column":2},"end":{"line":50,"column":3}},"17":{"start":{"line":49,"column":4},"end":{"line":49,"column":123}},"18":{"start":{"line":52,"column":19},"end":{"line":52,"column":105}},"19":{"start":{"line":53,"column":2},"end":{"line":55,"column":3}},"20":{"start":{"line":54,"column":4},"end":{"line":54,"column":47}},"21":{"start":{"line":57,"column":15},"end":{"line":57,"column":61}},"22":{"start":{"line":58,"column":17},"end":{"line":62,"column":null}},"23":{"start":{"line":64,"column":2},"end":{"line":64,"column":24}},"24":{"start":{"line":71,"column":17},"end":{"line":73,"column":null}},"25":{"start":{"line":75,"column":2},"end":{"line":78,"column":3}},"26":{"start":{"line":76,"column":4},"end":{"line":76,"column":74}},"27":{"start":{"line":77,"column":4},"end":{"line":77,"column":51}},"28":{"start":{"line":80,"column":15},"end":{"line":80,"column":29}},"29":{"start":{"line":81,"column":16},"end":{"line":81,"column":72}},"30":{"start":{"line":82,"column":2},"end":{"line":86,"column":3}},"31":{"start":{"line":83,"column":4},"end":{"line":83,"column":66}},"32":{"start":{"line":84,"column":4},"end":{"line":84,"column":83}},"33":{"start":{"line":85,"column":4},"end":{"line":85,"column":51}},"34":{"start":{"line":88,"column":2},"end":{"line":88,"column":60}},"35":{"start":{"line":90,"column":16},"end":{"line":93,"column":null}},"36":{"start":{"line":96,"column":41},"end":{"line":96,"column":45}},"37":{"start":{"line":97,"column":2},"end":{"line":97,"column":35}},"38":{"start":{"line":105,"column":2},"end":{"line":105,"column":64}}},"fnMap":{"0":{"name":"isValidEmail","decl":{"start":{"line":22,"column":16},"end":{"line":22,"column":28}},"loc":{"start":{"line":22,"column":42},"end":{"line":24,"column":1}}},"1":{"name":"isValidPassword","decl":{"start":{"line":30,"column":16},"end":{"line":30,"column":31}},"loc":{"start":{"line":30,"column":42},"end":{"line":32,"column":1}}},"2":{"name":"calcLevel","decl":{"start":{"line":38,"column":16},"end":{"line":38,"column":25}},"loc":{"start":{"line":38,"column":40},"end":{"line":40,"column":1}}},"3":{"name":"registerUser","decl":{"start":{"line":46,"column":22},"end":{"line":46,"column":34}},"loc":{"start":{"line":46,"column":55},"end":{"line":65,"column":1}}},"4":{"name":"loginUser","decl":{"start":{"line":70,"column":22},"end":{"line":70,"column":31}},"loc":{"start":{"line":70,"column":49},"end":{"line":98,"column":1}}},"5":{"name":"deleteAccount","decl":{"start":{"line":104,"column":22},"end":{"line":104,"column":35}},"loc":{"start":{"line":104,"column":50},"end":{"line":106,"column":1}}}},"branchMap":{"0":{"loc":{"start":{"line":31,"column":9},"end":{"line":31,"column":87}},"type":"binary-expr","locations":[{"start":{"line":31,"column":9},"end":{"line":31,"column":23}},{"start":{"line":31,"column":27},"end":{"line":31,"column":43}},{"start":{"line":31,"column":47},"end":{"line":31,"column":60}},{"start":{"line":31,"column":64},"end":{"line":31,"column":87}}]},"1":{"loc":{"start":{"line":47,"column":2},"end":{"line":47,"column":78}},"type":"if","locations":[{"start":{"line":47,"column":2},"end":{"line":47,"column":78}}]},"2":{"loc":{"start":{"line":48,"column":2},"end":{"line":50,"column":3}},"type":"if","locations":[{"start":{"line":48,"column":2},"end":{"line":50,"column":3}}]},"3":{"loc":{"start":{"line":53,"column":2},"end":{"line":55,"column":3}},"type":"if","locations":[{"start":{"line":53,"column":2},"end":{"line":55,"column":3}}]},"4":{"loc":{"start":{"line":53,"column":6},"end":{"line":53,"column":48}},"type":"binary-expr","locations":[{"start":{"line":53,"column":6},"end":{"line":53,"column":23}},{"start":{"line":53,"column":27},"end":{"line":53,"column":48}}]},"5":{"loc":{"start":{"line":75,"column":2},"end":{"line":78,"column":3}},"type":"if","locations":[{"start":{"line":75,"column":2},"end":{"line":78,"column":3}}]},"6":{"loc":{"start":{"line":82,"column":2},"end":{"line":86,"column":3}},"type":"if","locations":[{"start":{"line":82,"column":2},"end":{"line":86,"column":3}}]},"7":{"loc":{"start":{"line":92,"column":4},"end":{"line":92,"column":42}},"type":"binary-expr","locations":[{"start":{"line":92,"column":4},"end":{"line":92,"column":26}},{"start":{"line":92,"column":30},"end":{"line":92,"column":42}}]},"8":{"loc":{"start":{"line":93,"column":17},"end":{"line":93,"column":51}},"type":"binary-expr","locations":[{"start":{"line":93,"column":17},"end":{"line":93,"column":43}},{"start":{"line":93,"column":47},"end":{"line":93,"column":51}}]}},"s":{"0":1,"1":1,"2":1,"3":1,"4":1,"5":1,"6":1,"7":1,"8":1,"9":1,"10":1,"11":9,"12":9,"13":6,"14":4,"15":1,"16":3,"17":1,"18":2,"19":2,"20":1,"21":1,"22":1,"23":1,"24":4,"25":4,"26":1,"27":1,"28":3,"29":3,"30":3,"31":2,"32":2,"33":2,"34":1,"35":1,"36":1,"37":1,"38":1},"f":{"0":9,"1":9,"2":6,"3":4,"4":4,"5":1},"b":{"0":[9,7,6,5],"1":[1],"2":[1],"3":[1],"4":[2,1],"5":[1],"6":[2],"7":[1,1],"8":[1,1]}}
,"/Users/mohammede./Downloads/callistrack_v2/backend/src/services/gamificationService.ts": {"path":"/Users/mohammede./Downloads/callistrack_v2/backend/src/services/gamificationService.ts","statementMap":{"0":{"start":{"line":18,"column":0},"end":{"line":18,"column":16}},"1":{"start":{"line":31,"column":0},"end":{"line":31,"column":7}},"2":{"start":{"line":60,"column":0},"end":{"line":60,"column":7}},"3":{"start":{"line":80,"column":0},"end":{"line":80,"column":16}},"4":{"start":{"line":1,"column":0},"end":{"line":1,"column":30}},"5":{"start":{"line":4,"column":13},"end":{"line":8,"column":11}},"6":{"start":{"line":11,"column":13},"end":{"line":11,"column":93}},"7":{"start":{"line":19,"column":2},"end":{"line":23,"column":3}},"8":{"start":{"line":19,"column":17},"end":{"line":19,"column":44}},"9":{"start":{"line":20,"column":4},"end":{"line":22,"column":5}},"10":{"start":{"line":21,"column":6},"end":{"line":21,"column":21}},"11":{"start":{"line":24,"column":2},"end":{"line":24,"column":11}},"12":{"start":{"line":35,"column":16},"end":{"line":35,"column":30}},"13":{"start":{"line":37,"column":17},"end":{"line":42,"column":null}},"14":{"start":{"line":44,"column":2},"end":{"line":44,"column":70}},"15":{"start":{"line":44,"column":29},"end":{"line":44,"column":70}},"16":{"start":{"line":46,"column":20},"end":{"line":46,"column":51}},"17":{"start":{"line":47,"column":20},"end":{"line":47,"column":54}},"18":{"start":{"line":48,"column":20},"end":{"line":48,"column":40}},"19":{"start":{"line":50,"column":2},"end":{"line":52,"column":3}},"20":{"start":{"line":51,"column":4},"end":{"line":51,"column":86}},"21":{"start":{"line":54,"column":2},"end":{"line":54,"column":78}},"22":{"start":{"line":61,"column":17},"end":{"line":72,"column":null}},"23":{"start":{"line":74,"column":2},"end":{"line":74,"column":21}},"24":{"start":{"line":81,"column":2},"end":{"line":81,"column":35}},"25":{"start":{"line":81,"column":26},"end":{"line":81,"column":35}},"26":{"start":{"line":82,"column":2},"end":{"line":82,"column":82}},"27":{"start":{"line":82,"column":44},"end":{"line":82,"column":49}}},"fnMap":{"0":{"name":"calcLevel","decl":{"start":{"line":18,"column":16},"end":{"line":18,"column":25}},"loc":{"start":{"line":18,"column":40},"end":{"line":25,"column":1}}},"1":{"name":"awardPoints","decl":{"start":{"line":31,"column":22},"end":{"line":31,"column":33}},"loc":{"start":{"line":33,"column":29},"end":{"line":55,"column":1}}},"2":{"name":"getRanking","decl":{"start":{"line":60,"column":22},"end":{"line":60,"column":32}},"loc":{"start":{"line":60,"column":43},"end":{"line":75,"column":1}}},"3":{"name":"calcAverageRating","decl":{"start":{"line":80,"column":16},"end":{"line":80,"column":33}},"loc":{"start":{"line":80,"column":49},"end":{"line":83,"column":1}}},"4":{"name":"(anonymous_5)","decl":{"start":{"line":82,"column":34},"end":{"line":82,"column":35}},"loc":{"start":{"line":82,"column":44},"end":{"line":82,"column":49}}}},"branchMap":{"0":{"loc":{"start":{"line":20,"column":4},"end":{"line":22,"column":5}},"type":"if","locations":[{"start":{"line":20,"column":4},"end":{"line":22,"column":5}}]},"1":{"loc":{"start":{"line":44,"column":2},"end":{"line":44,"column":70}},"type":"if","locations":[{"start":{"line":44,"column":2},"end":{"line":44,"column":70}}]},"2":{"loc":{"start":{"line":50,"column":2},"end":{"line":52,"column":3}},"type":"if","locations":[{"start":{"line":50,"column":2},"end":{"line":52,"column":3}}]},"3":{"loc":{"start":{"line":60,"column":33},"end":{"line":60,"column":43}},"type":"default-arg","locations":[{"start":{"line":60,"column":41},"end":{"line":60,"column":43}}]},"4":{"loc":{"start":{"line":81,"column":2},"end":{"line":81,"column":35}},"type":"if","locations":[{"start":{"line":81,"column":2},"end":{"line":81,"column":35}}]}},"s":{"0":1,"1":1,"2":1,"3":1,"4":1,"5":1,"6":1,"7":13,"8":13,"9":110,"10":12,"11":1,"12":4,"13":4,"14":4,"15":1,"16":3,"17":3,"18":3,"19":3,"20":1,"21":3,"22":4,"23":4,"24":6,"25":1,"26":5,"27":13},"f":{"0":13,"1":4,"2":4,"3":6,"4":13},"b":{"0":[12],"1":[1],"2":[1],"3":[0],"4":[1]}}
,"/Users/mohammede./Downloads/callistrack_v2/backend/src/services/spotService.ts": {"path":"/Users/mohammede./Downloads/callistrack_v2/backend/src/services/spotService.ts","statementMap":{"0":{"start":{"line":19,"column":0},"end":{"line":19,"column":16}},"1":{"start":{"line":36,"column":0},"end":{"line":36,"column":7}},"2":{"start":{"line":58,"column":0},"end":{"line":58,"column":7}},"3":{"start":{"line":86,"column":0},"end":{"line":86,"column":7}},"4":{"start":{"line":113,"column":0},"end":{"line":113,"column":7}},"5":{"start":{"line":133,"column":0},"end":{"line":133,"column":7}},"6":{"start":{"line":1,"column":0},"end":{"line":1,"column":30}},"7":{"start":{"line":13,"column":27},"end":{"line":13,"column":29}},"8":{"start":{"line":23,"column":12},"end":{"line":23,"column":21}},"9":{"start":{"line":24,"column":16},"end":{"line":24,"column":50}},"10":{"start":{"line":24,"column":31},"end":{"line":24,"column":50}},"11":{"start":{"line":25,"column":15},"end":{"line":25,"column":33}},"12":{"start":{"line":26,"column":15},"end":{"line":26,"column":33}},"13":{"start":{"line":28,"column":4},"end":{"line":29,"column":75}},"14":{"start":{"line":30,"column":2},"end":{"line":30,"column":60}},"15":{"start":{"line":39,"column":19},"end":{"line":39,"column":47}},"16":{"start":{"line":40,"column":19},"end":{"line":40,"column":83}},"17":{"start":{"line":42,"column":17},"end":{"line":46,"column":null}},"18":{"start":{"line":49,"column":2},"end":{"line":52,"column":4}},"19":{"start":{"line":51,"column":6},"end":{"line":51,"column":69}},"20":{"start":{"line":59,"column":2},"end":{"line":71,"column":3}},"21":{"start":{"line":60,"column":19},"end":{"line":68,"column":null}},"22":{"start":{"line":70,"column":4},"end":{"line":70,"column":23}},"23":{"start":{"line":72,"column":17},"end":{"line":78,"column":null}},"24":{"start":{"line":80,"column":2},"end":{"line":80,"column":21}},"25":{"start":{"line":87,"column":21},"end":{"line":93,"column":null}},"26":{"start":{"line":95,"column":2},"end":{"line":95,"column":45}},"27":{"start":{"line":95,"column":33},"end":{"line":95,"column":45}},"28":{"start":{"line":97,"column":24},"end":{"line":104,"column":null}},"29":{"start":{"line":107,"column":2},"end":{"line":107,"column":64}},"30":{"start":{"line":114,"column":17},"end":{"line":114,"column":60}},"31":{"start":{"line":115,"column":2},"end":{"line":118,"column":3}},"32":{"start":{"line":116,"column":20},"end":{"line":116,"column":67}},"33":{"start":{"line":117,"column":4},"end":{"line":117,"column":92}},"34":{"start":{"line":120,"column":17},"end":{"line":125,"column":null}},"35":{"start":{"line":127,"column":2},"end":{"line":127,"column":24}},"36":{"start":{"line":134,"column":17},"end":{"line":134,"column":65}},"37":{"start":{"line":135,"column":17},"end":{"line":137,"column":null}},"38":{"start":{"line":139,"column":2},"end":{"line":139,"column":32}}},"fnMap":{"0":{"name":"haversineDistance","decl":{"start":{"line":19,"column":16},"end":{"line":19,"column":33}},"loc":{"start":{"line":21,"column":28},"end":{"line":31,"column":1}}},"1":{"name":"(anonymous_2)","decl":{"start":{"line":24,"column":16},"end":{"line":24,"column":17}},"loc":{"start":{"line":24,"column":31},"end":{"line":24,"column":50}}},"2":{"name":"findNearbySpots","decl":{"start":{"line":36,"column":22},"end":{"line":36,"column":37}},"loc":{"start":{"line":36,"column":62},"end":{"line":53,"column":1}}},"3":{"name":"(anonymous_4)","decl":{"start":{"line":50,"column":4},"end":{"line":50,"column":5}},"loc":{"start":{"line":51,"column":6},"end":{"line":51,"column":69}}},"4":{"name":"getAllSpots","decl":{"start":{"line":58,"column":22},"end":{"line":58,"column":33}},"loc":{"start":{"line":58,"column":60},"end":{"line":81,"column":1}}},"5":{"name":"getSpotById","decl":{"start":{"line":86,"column":22},"end":{"line":86,"column":33}},"loc":{"start":{"line":86,"column":44},"end":{"line":108,"column":1}}},"6":{"name":"createSpot","decl":{"start":{"line":113,"column":22},"end":{"line":113,"column":32}},"loc":{"start":{"line":113,"column":55},"end":{"line":128,"column":1}}},"7":{"name":"moderateSpot","decl":{"start":{"line":133,"column":22},"end":{"line":133,"column":34}},"loc":{"start":{"line":133,"column":80},"end":{"line":140,"column":1}}}},"branchMap":{"0":{"loc":{"start":{"line":59,"column":2},"end":{"line":71,"column":3}},"type":"if","locations":[{"start":{"line":59,"column":2},"end":{"line":71,"column":3}}]},"1":{"loc":{"start":{"line":59,"column":6},"end":{"line":59,"column":51}},"type":"binary-expr","locations":[{"start":{"line":59,"column":6},"end":{"line":59,"column":21}},{"start":{"line":59,"column":25},"end":{"line":59,"column":51}}]},"2":{"loc":{"start":{"line":95,"column":2},"end":{"line":95,"column":45}},"type":"if","locations":[{"start":{"line":95,"column":2},"end":{"line":95,"column":45}}]},"3":{"loc":{"start":{"line":115,"column":2},"end":{"line":118,"column":3}},"type":"if","locations":[{"start":{"line":115,"column":2},"end":{"line":118,"column":3}}]},"4":{"loc":{"start":{"line":124,"column":17},"end":{"line":124,"column":42}},"type":"binary-expr","locations":[{"start":{"line":124,"column":17},"end":{"line":124,"column":34}},{"start":{"line":124,"column":38},"end":{"line":124,"column":42}}]},"5":{"loc":{"start":{"line":124,"column":44},"end":{"line":124,"column":65}},"type":"binary-expr","locations":[{"start":{"line":124,"column":44},"end":{"line":124,"column":57}},{"start":{"line":124,"column":61},"end":{"line":124,"column":65}}]},"6":{"loc":{"start":{"line":134,"column":17},"end":{"line":134,"column":65}},"type":"cond-expr","locations":[{"start":{"line":134,"column":41},"end":{"line":134,"column":52}},{"start":{"line":134,"column":55},"end":{"line":134,"column":65}}]},"7":{"loc":{"start":{"line":139,"column":9},"end":{"line":139,"column":31}},"type":"binary-expr","locations":[{"start":{"line":139,"column":9},"end":{"line":139,"column":23}},{"start":{"line":139,"column":27},"end":{"line":139,"column":31}}]}},"s":{"0":1,"1":1,"2":1,"3":1,"4":1,"5":1,"6":1,"7":1,"8":7,"9":7,"10":28,"11":7,"12":7,"13":7,"14":7,"15":5,"16":5,"17":5,"18":5,"19":3,"20":2,"21":1,"22":1,"23":1,"24":1,"25":2,"26":2,"27":1,"28":1,"29":1,"30":2,"31":2,"32":1,"33":1,"34":1,"35":1,"36":3,"37":3,"38":3},"f":{"0":7,"1":28,"2":5,"3":3,"4":2,"5":2,"6":2,"7":3},"b":{"0":[1],"1":[2,1],"2":[1],"3":[1],"4":[1,1],"5":[1,1],"6":[2,1],"7":[3,1]}}
}
