TN:
SF:src/services/authService.ts
FN:22,isValidEmail
FN:30,isValidPassword
FN:38,calcLevel
FN:46,registerUser
FN:70,loginUser
FN:104,deleteAccount
FNF:6
FNH:6
FNDA:9,isValidEmail
FNDA:9,isValidPassword
FNDA:6,calcLevel
FNDA:4,registerUser
FNDA:4,loginUser
FNDA:1,deleteAccount
DA:1,1
DA:2,1
DA:3,1
DA:5,1
DA:6,1
DA:22,1
DA:23,9
DA:30,1
DA:31,9
DA:38,1
DA:39,6
DA:46,1
DA:47,4
DA:48,3
DA:49,1
DA:52,2
DA:53,2
DA:54,1
DA:57,1
DA:58,1
DA:64,1
DA:70,1
DA:71,4
DA:75,4
DA:76,1
DA:77,1
DA:80,3
DA:81,3
DA:82,3
DA:83,2
DA:84,2
DA:85,2
DA:88,1
DA:90,1
DA:96,1
DA:97,1
DA:104,1
DA:105,1
LF:38
LH:38
BRDA:31,0,0,9
BRDA:31,0,1,7
BRDA:31,0,2,6
BRDA:31,0,3,5
BRDA:47,1,0,1
BRDA:48,2,0,1
BRDA:53,3,0,1
BRDA:53,4,0,2
BRDA:53,4,1,1
BRDA:75,5,0,1
BRDA:82,6,0,2
BRDA:92,7,0,1
BRDA:92,7,1,1
BRDA:93,8,0,1
BRDA:93,8,1,1
BRF:15
BRH:15
end_of_record
TN:
SF:src/services/gamificationService.ts
FN:18,calcLevel
FN:31,awardPoints
FN:60,getRanking
FN:80,calcAverageRating
FN:82,(anonymous_5)
FNF:5
FNH:5
FNDA:13,calcLevel
FNDA:4,awardPoints
FNDA:4,getRanking
FNDA:6,calcAverageRating
FNDA:13,(anonymous_5)
DA:1,1
DA:4,1
DA:11,1
DA:18,1
DA:19,13
DA:20,110
DA:21,12
DA:24,1
DA:31,1
DA:35,4
DA:37,4
DA:44,4
DA:46,3
DA:47,3
DA:48,3
DA:50,3
DA:51,1
DA:54,3
DA:60,1
DA:61,4
DA:74,4
DA:80,1
DA:81,6
DA:82,13
LF:24
LH:24
BRDA:20,0,0,12
BRDA:44,1,0,1
BRDA:50,2,0,1
BRDA:60,3,0,0
BRDA:81,4,0,1
BRF:5
BRH:4
end_of_record
TN:
SF:src/services/spotService.ts
FN:19,haversineDistance
FN:24,(anonymous_2)
FN:36,findNearbySpots
FN:50,(anonymous_4)
FN:58,getAllSpots
FN:86,getSpotById
FN:113,createSpot
FN:133,moderateSpot
FNF:8
FNH:8
FNDA:7,haversineDistance
FNDA:28,(anonymous_2)
FNDA:5,findNearbySpots
FNDA:3,(anonymous_4)
FNDA:2,getAllSpots
FNDA:2,getSpotById
FNDA:2,createSpot
FNDA:3,moderateSpot
DA:1,1
DA:13,1
DA:19,1
DA:23,7
DA:24,28
DA:25,7
DA:26,7
DA:28,7
DA:30,7
DA:36,1
DA:39,5
DA:40,5
DA:42,5
DA:49,5
DA:51,3
DA:58,1
DA:59,2
DA:60,1
DA:70,1
DA:72,1
DA:80,1
DA:86,1
DA:87,2
DA:95,2
DA:97,1
DA:107,1
DA:113,1
DA:114,2
DA:115,2
DA:116,1
DA:117,1
DA:120,1
DA:127,1
DA:133,1
DA:134,3
DA:135,3
DA:139,3
LF:37
LH:37
BRDA:59,0,0,1
BRDA:59,1,0,2
BRDA:59,1,1,1
BRDA:95,2,0,1
BRDA:115,3,0,1
BRDA:124,4,0,1
BRDA:124,4,1,1
BRDA:124,5,0,1
BRDA:124,5,1,1
BRDA:134,6,0,2
BRDA:134,6,1,1
BRDA:139,7,0,3
BRDA:139,7,1,1
BRF:13
BRH:13
end_of_record
